{
  "RSpec": {
    "coverage": {
      "/Users/noellelegrain/Projects/SwappedKeys/spec/swapped_keys_spec.rb": [
        1,
        null,
        1,
        null,
        null
      ],
      "/Users/noellelegrain/Projects/SwappedKeys/lib/swapped_keys.rb": [
        1,
        null,
        1,
        null,
        1,
        1,
        1,
        1,
        1,
        null,
        null,
        1,
        1,
        1,
        6,
        6,
        null,
        1,
        null,
        null,
        1,
        1,
        1,
        6,
        4,
        null,
        null,
        1,
        null,
        null,
        1,
        1,
        1,
        1,
        4,
        56,
        238,
        161,
        null,
        null,
        238,
        238,
        null,
        null,
        null,
        null,
        null,
        null,
        1,
        null,
        null,
        1,
        1,
        null,
        null,
        null,
        null,
        1,
        null,
        null,
        null,
        null,
        null,
        null,
        null,
        null,
        1,
        1,
        1,
        1,
        1,
        1
      ]
    },
    "timestamp": 1548869286
  }
}
